

Started GET "/assets/rails.png" for 127.0.0.1 at 2015-03-27 16:14:21 -0300
Connecting to database specified by database.yml
Served asset /rails.png - 304 Not Modified (10ms)


Started GET "/assets/rails.png" for 127.0.0.1 at 2015-03-27 16:14:23 -0300
Served asset /rails.png - 304 Not Modified (0ms)


Started GET "/assets/rails.png" for 127.0.0.1 at 2015-03-27 16:18:22 -0300
Served asset /rails.png - 304 Not Modified (0ms)


Started GET "/assets/rails.png" for 127.0.0.1 at 2015-03-27 16:18:28 -0300
Served asset /rails.png - 304 Not Modified (0ms)


Started GET "/assets/rails.png" for 127.0.0.1 at 2015-03-27 16:18:31 -0300
Served asset /rails.png - 304 Not Modified (4ms)


Started GET "/assets/rails.png" for 127.0.0.1 at 2015-03-27 16:19:32 -0300
Served asset /rails.png - 304 Not Modified (0ms)


Started GET "/assets/rails.png" for 127.0.0.1 at 2015-03-27 16:20:10 -0300
Served asset /rails.png - 304 Not Modified (0ms)


Started GET "/welcome/index" for 127.0.0.1 at 2015-03-27 16:20:14 -0300
Processing by WelcomeController#index as HTML
  Rendered welcome/index.html.erb within layouts/application (15.0ms)
Warning. Error encountered while saving cache /home/saasbook/Desktop/hlgsatracker/HLGSA/tmp/cache/sass/bd82f498ac856d7c522800886fab6622ea20d47d/welcome.css.scssc: can't dump anonymous class #<Class:0xb059c44>
Compiled welcome.css  (13ms)  (pid 3931)
Compiled application.css  (29ms)  (pid 3931)
Compiled jquery.js  (10ms)  (pid 3931)
Compiled jquery_ujs.js  (1ms)  (pid 3931)
Compiled welcome.js  (953ms)  (pid 3931)
Compiled application.js  (1023ms)  (pid 3931)
Completed 200 OK in 1280.0ms (Views: 1279.2ms | ActiveRecord: 0.0ms)


Started GET "/assets/application.css?body=1" for 127.0.0.1 at 2015-03-27 16:20:15 -0300
Served asset /application.css - 200 OK (88ms)


Started GET "/assets/welcome.css?body=1" for 127.0.0.1 at 2015-03-27 16:20:15 -0300
Served asset /welcome.css - 200 OK (4ms)


Started GET "/assets/jquery.js?body=1" for 127.0.0.1 at 2015-03-27 16:20:15 -0300
Served asset /jquery.js - 200 OK (17ms)


Started GET "/assets/application.js?body=1" for 127.0.0.1 at 2015-03-27 16:20:15 -0300
Served asset /application.js - 200 OK (39ms)


Started GET "/assets/welcome.js?body=1" for 127.0.0.1 at 2015-03-27 16:20:15 -0300
Served asset /welcome.js - 200 OK (6ms)


Started GET "/assets/jquery_ujs.js?body=1" for 127.0.0.1 at 2015-03-27 16:20:15 -0300
Served asset /jquery_ujs.js - 200 OK (4ms)


Started GET "/assets/rails.png" for 127.0.0.1 at 2015-03-27 16:20:32 -0300
Served asset /rails.png - 304 Not Modified (0ms)
Connecting to database specified by database.yml


Started GET "/assets/rails.png" for 127.0.0.1 at 2015-03-27 16:23:24 -0300
Served asset /rails.png - 304 Not Modified (0ms)


Started GET "/welcome/index" for 127.0.0.1 at 2015-03-27 16:37:49 -0300
Processing by WelcomeController#index as HTML
  Rendered welcome/index.html.erb within layouts/application (0.1ms)
Warning. Error encountered while saving cache /home/saasbook/Desktop/hlgsatracker/HLGSA/tmp/cache/sass/bd82f498ac856d7c522800886fab6622ea20d47d/members.css.scssc: can't dump anonymous class #<Class:0xb059c44>
Compiled members.css  (4ms)  (pid 3931)
Compiled application.css  (65ms)  (pid 3931)
Compiled members.js  (301ms)  (pid 3931)
Compiled application.js  (335ms)  (pid 3931)
Completed 200 OK in 476.3ms (Views: 472.8ms | ActiveRecord: 0.0ms)


Started GET "/assets/application.css?body=1" for 127.0.0.1 at 2015-03-27 16:37:50 -0300
Served asset /application.css - 304 Not Modified (13ms)


Started GET "/assets/jquery.js?body=1" for 127.0.0.1 at 2015-03-27 16:37:50 -0300
Served asset /jquery.js - 304 Not Modified (14ms)


Started GET "/assets/welcome.css?body=1" for 127.0.0.1 at 2015-03-27 16:37:50 -0300
Served asset /welcome.css - 304 Not Modified (0ms)


Started GET "/assets/members.css?body=1" for 127.0.0.1 at 2015-03-27 16:37:50 -0300
Served asset /members.css - 200 OK (12ms)


Started GET "/assets/welcome.js?body=1" for 127.0.0.1 at 2015-03-27 16:37:50 -0300
Served asset /welcome.js - 304 Not Modified (0ms)


Started GET "/assets/members.js?body=1" for 127.0.0.1 at 2015-03-27 16:37:50 -0300
Served asset /members.js - 200 OK (13ms)


Started GET "/assets/jquery_ujs.js?body=1" for 127.0.0.1 at 2015-03-27 16:37:50 -0300
Served asset /jquery_ujs.js - 304 Not Modified (0ms)


Started GET "/assets/application.js?body=1" for 127.0.0.1 at 2015-03-27 16:37:50 -0300
Served asset /application.js - 304 Not Modified (47ms)


Started GET "/members/new" for 127.0.0.1 at 2015-03-27 16:41:51 -0300
Processing by MembersController#new as HTML
  Rendered members/new.html.erb within layouts/application (1.0ms)
Completed 200 OK in 20.0ms (Views: 19.1ms | ActiveRecord: 0.0ms)


Started GET "/assets/application.css?body=1" for 127.0.0.1 at 2015-03-27 16:41:51 -0300
Served asset /application.css - 304 Not Modified (0ms)


Started GET "/assets/members.js?body=1" for 127.0.0.1 at 2015-03-27 16:41:51 -0300
Served asset /members.js - 304 Not Modified (0ms)


Started GET "/assets/jquery_ujs.js?body=1" for 127.0.0.1 at 2015-03-27 16:41:51 -0300
Served asset /jquery_ujs.js - 304 Not Modified (0ms)


Started GET "/assets/jquery.js?body=1" for 127.0.0.1 at 2015-03-27 16:41:51 -0300
Served asset /jquery.js - 304 Not Modified (6ms)


Started GET "/assets/welcome.css?body=1" for 127.0.0.1 at 2015-03-27 16:41:51 -0300
Served asset /welcome.css - 304 Not Modified (0ms)


Started GET "/assets/members.css?body=1" for 127.0.0.1 at 2015-03-27 16:41:51 -0300
Served asset /members.css - 304 Not Modified (0ms)


Started GET "/assets/welcome.js?body=1" for 127.0.0.1 at 2015-03-27 16:41:51 -0300
Served asset /welcome.js - 304 Not Modified (13ms)


Started GET "/assets/application.js?body=1" for 127.0.0.1 at 2015-03-27 16:41:51 -0300
Served asset /application.js - 304 Not Modified (9ms)


Started GET "/members/new" for 127.0.0.1 at 2015-03-27 16:42:10 -0300
Processing by MembersController#new as HTML
  Rendered members/new.html.erb within layouts/application (0.1ms)
Completed 200 OK in 15.5ms (Views: 14.2ms | ActiveRecord: 0.0ms)


Started GET "/assets/application.css?body=1" for 127.0.0.1 at 2015-03-27 16:42:10 -0300
Served asset /application.css - 304 Not Modified (0ms)


Started GET "/assets/members.css?body=1" for 127.0.0.1 at 2015-03-27 16:42:10 -0300
Served asset /members.css - 304 Not Modified (0ms)


Started GET "/assets/welcome.js?body=1" for 127.0.0.1 at 2015-03-27 16:42:10 -0300
Served asset /welcome.js - 304 Not Modified (0ms)


Started GET "/assets/jquery.js?body=1" for 127.0.0.1 at 2015-03-27 16:42:10 -0300
Served asset /jquery.js - 304 Not Modified (7ms)


Started GET "/assets/jquery_ujs.js?body=1" for 127.0.0.1 at 2015-03-27 16:42:10 -0300
Served asset /jquery_ujs.js - 304 Not Modified (0ms)


Started GET "/assets/welcome.css?body=1" for 127.0.0.1 at 2015-03-27 16:42:10 -0300
Served asset /welcome.css - 304 Not Modified (0ms)


Started GET "/assets/members.js?body=1" for 127.0.0.1 at 2015-03-27 16:42:10 -0300
Served asset /members.js - 304 Not Modified (0ms)


Started GET "/assets/application.js?body=1" for 127.0.0.1 at 2015-03-27 16:42:10 -0300
Served asset /application.js - 304 Not Modified (15ms)


Started GET "/members/new" for 127.0.0.1 at 2015-03-27 16:55:49 -0300
Processing by MembersController#new as HTML
  Rendered members/new.html.erb within layouts/application (108.7ms)
Completed 200 OK in 123.2ms (Views: 122.2ms | ActiveRecord: 0.0ms)


Started GET "/assets/application.css?body=1" for 127.0.0.1 at 2015-03-27 16:55:49 -0300
Served asset /application.css - 304 Not Modified (0ms)


Started GET "/assets/members.css?body=1" for 127.0.0.1 at 2015-03-27 16:55:49 -0300
Served asset /members.css - 304 Not Modified (22ms)


Started GET "/assets/welcome.js?body=1" for 127.0.0.1 at 2015-03-27 16:55:49 -0300
Served asset /welcome.js - 304 Not Modified (0ms)


Started GET "/assets/members.js?body=1" for 127.0.0.1 at 2015-03-27 16:55:49 -0300
Served asset /members.js - 304 Not Modified (1ms)


Started GET "/assets/jquery_ujs.js?body=1" for 127.0.0.1 at 2015-03-27 16:55:49 -0300
Served asset /jquery_ujs.js - 304 Not Modified (0ms)


Started GET "/assets/jquery.js?body=1" for 127.0.0.1 at 2015-03-27 16:55:50 -0300
Served asset /jquery.js - 304 Not Modified (14ms)


Started GET "/assets/welcome.css?body=1" for 127.0.0.1 at 2015-03-27 16:55:50 -0300
Served asset /welcome.css - 304 Not Modified (0ms)


Started GET "/assets/application.js?body=1" for 127.0.0.1 at 2015-03-27 16:55:50 -0300
Served asset /application.js - 304 Not Modified (4ms)


Started POST "/members" for 127.0.0.1 at 2015-03-27 16:56:12 -0300
Processing by MembersController#create as HTML
  Parameters: {"utf8"=>"✓", "authenticity_token"=>"NKsFcZNU3eJYt83ohBjO41qC8FgTwmoNA6ionEigdaU=", "member"=>{"uin"=>"1234", "first_name"=>"A", "last_name"=>"B", "email"=>"d", "department"=>"d", "type"=>"d", "paying"=>"d"}, "commit"=>"Save Member"}
Completed 500 Internal Server Error in 46.2ms

ActionView::MissingTemplate (Missing template members/create, application/create with {:locale=>[:en], :formats=>[:html], :handlers=>[:erb, :builder, :coffee, :haml]}. Searched in:
  * "/home/saasbook/Desktop/hlgsatracker/HLGSA/app/views"
):
  app/controllers/members_controller.rb:6:in `create'


  Rendered /home/saasbook/.rvm/gems/ruby-1.9.3-p448/gems/actionpack-3.2.16/lib/action_dispatch/middleware/templates/rescues/missing_template.erb within rescues/layout (0.9ms)


Started POST "/members" for 127.0.0.1 at 2015-03-27 16:56:43 -0300
Processing by MembersController#create as HTML
  Parameters: {"utf8"=>"✓", "authenticity_token"=>"NKsFcZNU3eJYt83ohBjO41qC8FgTwmoNA6ionEigdaU=", "member"=>{"uin"=>"1234", "first_name"=>"A", "last_name"=>"B", "email"=>"d", "department"=>"d", "type"=>"d", "paying"=>"d"}, "commit"=>"Save Member"}
Completed 500 Internal Server Error in 157.7ms

ActionView::MissingTemplate (Missing template members/create, application/create with {:locale=>[:en], :formats=>[:html], :handlers=>[:erb, :builder, :coffee, :haml]}. Searched in:
  * "/home/saasbook/Desktop/hlgsatracker/HLGSA/app/views"
):
  app/controllers/members_controller.rb:6:in `create'


  Rendered /home/saasbook/.rvm/gems/ruby-1.9.3-p448/gems/actionpack-3.2.16/lib/action_dispatch/middleware/templates/rescues/missing_template.erb within rescues/layout (1.0ms)


Started POST "/members" for 127.0.0.1 at 2015-03-27 16:59:16 -0300
Processing by MembersController#create as HTML
  Parameters: {"utf8"=>"✓", "authenticity_token"=>"NKsFcZNU3eJYt83ohBjO41qC8FgTwmoNA6ionEigdaU=", "member"=>{"uin"=>"aa", "first_name"=>"A", "last_name"=>"B", "email"=>"d", "department"=>"d", "type"=>"d", "paying"=>"d"}, "commit"=>"Save Member"}
Completed 500 Internal Server Error in 15.3ms

ActionView::MissingTemplate (Missing template members/create, application/create with {:locale=>[:en], :formats=>[:html], :handlers=>[:erb, :builder, :coffee, :haml]}. Searched in:
  * "/home/saasbook/Desktop/hlgsatracker/HLGSA/app/views"
):
  app/controllers/members_controller.rb:6:in `create'


  Rendered /home/saasbook/.rvm/gems/ruby-1.9.3-p448/gems/actionpack-3.2.16/lib/action_dispatch/middleware/templates/rescues/missing_template.erb within rescues/layout (1.2ms)


Started GET "/members/new" for 127.0.0.1 at 2015-03-27 17:00:07 -0300
Processing by MembersController#new as HTML
  Rendered members/new.html.erb within layouts/application (14.2ms)
Completed 200 OK in 33.5ms (Views: 33.1ms | ActiveRecord: 0.0ms)


Started GET "/assets/application.css?body=1" for 127.0.0.1 at 2015-03-27 17:00:07 -0300
Served asset /application.css - 304 Not Modified (0ms)


Started GET "/assets/welcome.css?body=1" for 127.0.0.1 at 2015-03-27 17:00:07 -0300
Served asset /welcome.css - 304 Not Modified (0ms)


Started GET "/assets/members.css?body=1" for 127.0.0.1 at 2015-03-27 17:00:07 -0300
Served asset /members.css - 304 Not Modified (2ms)


Started GET "/assets/members.js?body=1" for 127.0.0.1 at 2015-03-27 17:00:07 -0300
Served asset /members.js - 304 Not Modified (0ms)


Started GET "/assets/jquery_ujs.js?body=1" for 127.0.0.1 at 2015-03-27 17:00:07 -0300
Served asset /jquery_ujs.js - 304 Not Modified (0ms)


Started GET "/assets/jquery.js?body=1" for 127.0.0.1 at 2015-03-27 17:00:07 -0300
Served asset /jquery.js - 304 Not Modified (6ms)


Started GET "/assets/welcome.js?body=1" for 127.0.0.1 at 2015-03-27 17:00:07 -0300
Served asset /welcome.js - 304 Not Modified (0ms)


Started GET "/assets/application.js?body=1" for 127.0.0.1 at 2015-03-27 17:00:07 -0300
Served asset /application.js - 304 Not Modified (11ms)


Started GET "/members/new" for 127.0.0.1 at 2015-03-27 17:00:08 -0300
Processing by MembersController#new as HTML
  Rendered members/new.html.erb within layouts/application (13.7ms)
Completed 200 OK in 30.5ms (Views: 30.1ms | ActiveRecord: 0.0ms)


Started GET "/assets/application.css?body=1" for 127.0.0.1 at 2015-03-27 17:00:08 -0300
Served asset /application.css - 304 Not Modified (4ms)


Started GET "/assets/members.js?body=1" for 127.0.0.1 at 2015-03-27 17:00:08 -0300
Served asset /members.js - 304 Not Modified (0ms)


Started GET "/assets/jquery_ujs.js?body=1" for 127.0.0.1 at 2015-03-27 17:00:08 -0300
Served asset /jquery_ujs.js - 304 Not Modified (0ms)


Started GET "/assets/jquery.js?body=1" for 127.0.0.1 at 2015-03-27 17:00:08 -0300
Served asset /jquery.js - 304 Not Modified (2ms)


Started GET "/assets/welcome.css?body=1" for 127.0.0.1 at 2015-03-27 17:00:08 -0300
Served asset /welcome.css - 304 Not Modified (0ms)


Started GET "/assets/members.css?body=1" for 127.0.0.1 at 2015-03-27 17:00:08 -0300
Served asset /members.css - 304 Not Modified (2ms)


Started GET "/assets/welcome.js?body=1" for 127.0.0.1 at 2015-03-27 17:00:08 -0300
Served asset /welcome.js - 304 Not Modified (0ms)


Started GET "/assets/application.js?body=1" for 127.0.0.1 at 2015-03-27 17:00:08 -0300
Served asset /application.js - 304 Not Modified (11ms)


Started GET "/members/new" for 127.0.0.1 at 2015-03-27 17:00:13 -0300
Processing by MembersController#new as HTML
  Rendered members/new.html.erb within layouts/application (10.5ms)
Completed 200 OK in 33.6ms (Views: 33.3ms | ActiveRecord: 0.0ms)


Started GET "/assets/application.css?body=1" for 127.0.0.1 at 2015-03-27 17:00:13 -0300
Served asset /application.css - 304 Not Modified (0ms)


Started GET "/assets/members.css?body=1" for 127.0.0.1 at 2015-03-27 17:00:13 -0300
Served asset /members.css - 304 Not Modified (10ms)


Started GET "/assets/welcome.css?body=1" for 127.0.0.1 at 2015-03-27 17:00:13 -0300
Served asset /welcome.css - 304 Not Modified (43ms)


Started GET "/assets/welcome.js?body=1" for 127.0.0.1 at 2015-03-27 17:00:14 -0300
Served asset /welcome.js - 304 Not Modified (11ms)


Started GET "/assets/members.js?body=1" for 127.0.0.1 at 2015-03-27 17:00:14 -0300
Served asset /members.js - 304 Not Modified (0ms)


Started GET "/assets/jquery_ujs.js?body=1" for 127.0.0.1 at 2015-03-27 17:00:14 -0300
Served asset /jquery_ujs.js - 304 Not Modified (0ms)


Started GET "/assets/jquery.js?body=1" for 127.0.0.1 at 2015-03-27 17:00:14 -0300
Served asset /jquery.js - 304 Not Modified (12ms)


Started GET "/assets/application.js?body=1" for 127.0.0.1 at 2015-03-27 17:00:14 -0300
Served asset /application.js - 304 Not Modified (12ms)


Started GET "/members/new" for 127.0.0.1 at 2015-03-27 17:00:18 -0300
Processing by MembersController#new as HTML
  Rendered members/new.html.erb within layouts/application (16.5ms)
Completed 200 OK in 32.7ms (Views: 32.4ms | ActiveRecord: 0.0ms)


Started GET "/assets/application.css?body=1" for 127.0.0.1 at 2015-03-27 17:00:18 -0300
Served asset /application.css - 304 Not Modified (0ms)


Started GET "/assets/members.css?body=1" for 127.0.0.1 at 2015-03-27 17:00:18 -0300
Served asset /members.css - 304 Not Modified (1ms)


Started GET "/assets/jquery_ujs.js?body=1" for 127.0.0.1 at 2015-03-27 17:00:18 -0300
Served asset /jquery_ujs.js - 304 Not Modified (0ms)


Started GET "/assets/jquery.js?body=1" for 127.0.0.1 at 2015-03-27 17:00:18 -0300
Served asset /jquery.js - 304 Not Modified (2ms)


Started GET "/assets/welcome.js?body=1" for 127.0.0.1 at 2015-03-27 17:00:18 -0300
Served asset /welcome.js - 304 Not Modified (7ms)


Started GET "/assets/members.js?body=1" for 127.0.0.1 at 2015-03-27 17:00:18 -0300
Served asset /members.js - 304 Not Modified (0ms)


Started GET "/assets/welcome.css?body=1" for 127.0.0.1 at 2015-03-27 17:00:18 -0300
Served asset /welcome.css - 304 Not Modified (0ms)


Started GET "/assets/application.js?body=1" for 127.0.0.1 at 2015-03-27 17:00:18 -0300
Served asset /application.js - 304 Not Modified (10ms)
Connecting to database specified by database.yml


Started GET "/assets/rails.png" for 127.0.0.1 at 2015-03-27 17:06:55 -0300
Served asset /rails.png - 304 Not Modified (0ms)


Started GET "/assets/rails.png" for 127.0.0.1 at 2015-03-27 17:07:38 -0300
Served asset /rails.png - 304 Not Modified (0ms)


Started GET "/" for 127.0.0.1 at 2015-03-27 17:08:54 -0300
Processing by WelcomeController#index as HTML
  Rendered welcome/index.html.erb within layouts/application (0.1ms)
Completed 200 OK in 15.9ms (Views: 15.4ms | ActiveRecord: 0.0ms)


Started GET "/assets/application.css?body=1" for 127.0.0.1 at 2015-03-27 17:08:54 -0300
Served asset /application.css - 304 Not Modified (4ms)


Started GET "/assets/members.css?body=1" for 127.0.0.1 at 2015-03-27 17:08:54 -0300
Served asset /members.css - 304 Not Modified (0ms)


Started GET "/assets/jquery.js?body=1" for 127.0.0.1 at 2015-03-27 17:08:54 -0300
Served asset /jquery.js - 304 Not Modified (6ms)


Started GET "/assets/welcome.css?body=1" for 127.0.0.1 at 2015-03-27 17:08:54 -0300
Served asset /welcome.css - 304 Not Modified (0ms)


Started GET "/assets/welcome.js?body=1" for 127.0.0.1 at 2015-03-27 17:08:54 -0300
Served asset /welcome.js - 304 Not Modified (0ms)


Started GET "/assets/members.js?body=1" for 127.0.0.1 at 2015-03-27 17:08:54 -0300
Served asset /members.js - 304 Not Modified (0ms)


Started GET "/assets/jquery_ujs.js?body=1" for 127.0.0.1 at 2015-03-27 17:08:54 -0300
Served asset /jquery_ujs.js - 304 Not Modified (0ms)


Started GET "/assets/application.js?body=1" for 127.0.0.1 at 2015-03-27 17:08:54 -0300
Served asset /application.js - 304 Not Modified (8ms)


Started GET "/" for 127.0.0.1 at 2015-03-27 17:12:33 -0300
Processing by WelcomeController#index as HTML
  Rendered welcome/index.html.erb within layouts/application (0.0ms)
Completed 200 OK in 23.7ms (Views: 23.4ms | ActiveRecord: 0.0ms)


Started GET "/assets/application.css?body=1" for 127.0.0.1 at 2015-03-27 17:12:33 -0300
Served asset /application.css - 304 Not Modified (0ms)


Started GET "/assets/members.css?body=1" for 127.0.0.1 at 2015-03-27 17:12:33 -0300
Served asset /members.css - 304 Not Modified (0ms)


Started GET "/assets/jquery_ujs.js?body=1" for 127.0.0.1 at 2015-03-27 17:12:33 -0300
Served asset /jquery_ujs.js - 304 Not Modified (4ms)


Started GET "/assets/jquery.js?body=1" for 127.0.0.1 at 2015-03-27 17:12:33 -0300
Served asset /jquery.js - 304 Not Modified (7ms)


Started GET "/assets/welcome.css?body=1" for 127.0.0.1 at 2015-03-27 17:12:33 -0300
Served asset /welcome.css - 304 Not Modified (0ms)


Started GET "/assets/members.js?body=1" for 127.0.0.1 at 2015-03-27 17:12:33 -0300
Served asset /members.js - 304 Not Modified (0ms)


Started GET "/assets/welcome.js?body=1" for 127.0.0.1 at 2015-03-27 17:12:33 -0300
Served asset /welcome.js - 304 Not Modified (3ms)


Started GET "/assets/application.js?body=1" for 127.0.0.1 at 2015-03-27 17:12:33 -0300
Served asset /application.js - 304 Not Modified (2ms)


Started GET "/members/new" for 127.0.0.1 at 2015-03-27 17:12:36 -0300
Processing by MembersController#new as HTML
  Rendered members/new.html.erb within layouts/application (8.6ms)
Completed 200 OK in 22.3ms (Views: 21.4ms | ActiveRecord: 0.0ms)


Started GET "/assets/application.css?body=1" for 127.0.0.1 at 2015-03-27 17:12:36 -0300
Served asset /application.css - 304 Not Modified (2ms)


Started GET "/assets/jquery.js?body=1" for 127.0.0.1 at 2015-03-27 17:12:36 -0300
Served asset /jquery.js - 304 Not Modified (11ms)


Started GET "/assets/members.js?body=1" for 127.0.0.1 at 2015-03-27 17:12:36 -0300
Served asset /members.js - 304 Not Modified (0ms)


Started GET "/assets/jquery_ujs.js?body=1" for 127.0.0.1 at 2015-03-27 17:12:36 -0300
Served asset /jquery_ujs.js - 304 Not Modified (0ms)


Started GET "/assets/welcome.css?body=1" for 127.0.0.1 at 2015-03-27 17:12:36 -0300
Served asset /welcome.css - 304 Not Modified (0ms)


Started GET "/assets/members.css?body=1" for 127.0.0.1 at 2015-03-27 17:12:36 -0300
Served asset /members.css - 304 Not Modified (0ms)


Started GET "/assets/welcome.js?body=1" for 127.0.0.1 at 2015-03-27 17:12:36 -0300
Served asset /welcome.js - 304 Not Modified (6ms)


Started GET "/assets/application.js?body=1" for 127.0.0.1 at 2015-03-27 17:12:36 -0300
Served asset /application.js - 304 Not Modified (6ms)


Started GET "/members" for 127.0.0.1 at 2015-03-27 17:12:39 -0300

AbstractController::ActionNotFound (The action 'index' could not be found for MembersController):
  actionpack (3.2.16) lib/abstract_controller/base.rb:116:in `process'
  actionpack (3.2.16) lib/abstract_controller/rendering.rb:45:in `process'
  actionpack (3.2.16) lib/action_controller/metal.rb:203:in `dispatch'
  actionpack (3.2.16) lib/action_controller/metal/rack_delegation.rb:14:in `dispatch'
  actionpack (3.2.16) lib/action_controller/metal.rb:246:in `block in action'
  actionpack (3.2.16) lib/action_dispatch/routing/route_set.rb:73:in `call'
  actionpack (3.2.16) lib/action_dispatch/routing/route_set.rb:73:in `dispatch'
  actionpack (3.2.16) lib/action_dispatch/routing/route_set.rb:36:in `call'
  journey (1.0.4) lib/journey/router.rb:68:in `block in call'
  journey (1.0.4) lib/journey/router.rb:56:in `each'
  journey (1.0.4) lib/journey/router.rb:56:in `call'
  actionpack (3.2.16) lib/action_dispatch/routing/route_set.rb:608:in `call'
  actionpack (3.2.16) lib/action_dispatch/middleware/best_standards_support.rb:17:in `call'
  rack (1.4.5) lib/rack/etag.rb:23:in `call'
  rack (1.4.5) lib/rack/conditionalget.rb:25:in `call'
  actionpack (3.2.16) lib/action_dispatch/middleware/head.rb:14:in `call'
  actionpack (3.2.16) lib/action_dispatch/middleware/params_parser.rb:21:in `call'
  actionpack (3.2.16) lib/action_dispatch/middleware/flash.rb:242:in `call'
  rack (1.4.5) lib/rack/session/abstract/id.rb:210:in `context'
  rack (1.4.5) lib/rack/session/abstract/id.rb:205:in `call'
  actionpack (3.2.16) lib/action_dispatch/middleware/cookies.rb:341:in `call'
  activerecord (3.2.16) lib/active_record/query_cache.rb:64:in `call'
  activerecord (3.2.16) lib/active_record/connection_adapters/abstract/connection_pool.rb:479:in `call'
  actionpack (3.2.16) lib/action_dispatch/middleware/callbacks.rb:28:in `block in call'
  activesupport (3.2.16) lib/active_support/callbacks.rb:405:in `_run__667563918__call__1018782123__callbacks'
  activesupport (3.2.16) lib/active_support/callbacks.rb:405:in `__run_callback'
  activesupport (3.2.16) lib/active_support/callbacks.rb:385:in `_run_call_callbacks'
  activesupport (3.2.16) lib/active_support/callbacks.rb:81:in `run_callbacks'
  actionpack (3.2.16) lib/action_dispatch/middleware/callbacks.rb:27:in `call'
  actionpack (3.2.16) lib/action_dispatch/middleware/reloader.rb:65:in `call'
  actionpack (3.2.16) lib/action_dispatch/middleware/remote_ip.rb:31:in `call'
  actionpack (3.2.16) lib/action_dispatch/middleware/debug_exceptions.rb:16:in `call'
  actionpack (3.2.16) lib/action_dispatch/middleware/show_exceptions.rb:56:in `call'
  railties (3.2.16) lib/rails/rack/logger.rb:32:in `call_app'
  railties (3.2.16) lib/rails/rack/logger.rb:16:in `block in call'
  activesupport (3.2.16) lib/active_support/tagged_logging.rb:22:in `tagged'
  railties (3.2.16) lib/rails/rack/logger.rb:16:in `call'
  actionpack (3.2.16) lib/action_dispatch/middleware/request_id.rb:22:in `call'
  rack (1.4.5) lib/rack/methodoverride.rb:21:in `call'
  rack (1.4.5) lib/rack/runtime.rb:17:in `call'
  activesupport (3.2.16) lib/active_support/cache/strategy/local_cache.rb:72:in `call'
  rack (1.4.5) lib/rack/lock.rb:15:in `call'
  actionpack (3.2.16) lib/action_dispatch/middleware/static.rb:63:in `call'
  railties (3.2.16) lib/rails/engine.rb:484:in `call'
  railties (3.2.16) lib/rails/application.rb:231:in `call'
  rack (1.4.5) lib/rack/content_length.rb:14:in `call'
  railties (3.2.16) lib/rails/rack/log_tailer.rb:17:in `call'
  rack (1.4.5) lib/rack/handler/webrick.rb:59:in `service'
  /home/saasbook/.rvm/rubies/ruby-1.9.3-p448/lib/ruby/1.9.1/webrick/httpserver.rb:138:in `service'
  /home/saasbook/.rvm/rubies/ruby-1.9.3-p448/lib/ruby/1.9.1/webrick/httpserver.rb:94:in `run'
  /home/saasbook/.rvm/rubies/ruby-1.9.3-p448/lib/ruby/1.9.1/webrick/server.rb:191:in `block in start_thread'


  Rendered /home/saasbook/.rvm/gems/ruby-1.9.3-p448/gems/actionpack-3.2.16/lib/action_dispatch/middleware/templates/rescues/unknown_action.erb within rescues/layout (0.9ms)


Started GET "/members/new" for 127.0.0.1 at 2015-03-27 17:12:41 -0300
Processing by MembersController#new as HTML
  Rendered members/new.html.erb within layouts/application (15.6ms)
Completed 200 OK in 34.9ms (Views: 34.8ms | ActiveRecord: 0.0ms)


Started GET "/assets/application.css?body=1" for 127.0.0.1 at 2015-03-27 17:12:42 -0300
Served asset /application.css - 304 Not Modified (3ms)


Started GET "/assets/members.js?body=1" for 127.0.0.1 at 2015-03-27 17:12:42 -0300
Served asset /members.js - 304 Not Modified (0ms)


Started GET "/assets/jquery_ujs.js?body=1" for 127.0.0.1 at 2015-03-27 17:12:42 -0300
Served asset /jquery_ujs.js - 304 Not Modified (0ms)


Started GET "/assets/jquery.js?body=1" for 127.0.0.1 at 2015-03-27 17:12:42 -0300
Served asset /jquery.js - 304 Not Modified (4ms)


Started GET "/assets/welcome.css?body=1" for 127.0.0.1 at 2015-03-27 17:12:42 -0300
Served asset /welcome.css - 304 Not Modified (0ms)


Started GET "/assets/members.css?body=1" for 127.0.0.1 at 2015-03-27 17:12:42 -0300
Served asset /members.css - 304 Not Modified (0ms)


Started GET "/assets/welcome.js?body=1" for 127.0.0.1 at 2015-03-27 17:12:42 -0300
Served asset /welcome.js - 304 Not Modified (0ms)


Started GET "/assets/application.js?body=1" for 127.0.0.1 at 2015-03-27 17:12:42 -0300
Served asset /application.js - 304 Not Modified (7ms)
Connecting to database specified by database.yml
Connecting to database specified by database.yml
  [1m[36m (0.2ms)[0m  [1mselect sqlite_version(*)[0m
  [1m[35m (168.8ms)[0m  CREATE TABLE "schema_migrations" ("version" varchar(255) NOT NULL) 
  [1m[36m (44.9ms)[0m  [1mCREATE UNIQUE INDEX "unique_schema_migrations" ON "schema_migrations" ("version")[0m
  [1m[35m (26.8ms)[0m  SELECT "schema_migrations"."version" FROM "schema_migrations" 
Migrating to CreateMembers (20150327201530)
  [1m[36m (0.1ms)[0m  [1mbegin transaction[0m
  [1m[35m (0.8ms)[0m  CREATE TABLE "members" ("id" INTEGER PRIMARY KEY AUTOINCREMENT NOT NULL, "uin" integer, "first_name" varchar(255), "last_name" varchar(255), "email" varchar(255), "department" varchar(255), "type" varchar(255), "paying" boolean, "created_at" datetime NOT NULL, "updated_at" datetime NOT NULL) 
  [1m[36m (0.2ms)[0m  [1mINSERT INTO "schema_migrations" ("version") VALUES ('20150327201530')[0m
  [1m[35m (10.6ms)[0m  commit transaction
  [1m[36m (0.1ms)[0m  [1mSELECT "schema_migrations"."version" FROM "schema_migrations" [0m


Started POST "/members" for 127.0.0.1 at 2015-03-27 17:23:41 -0300
Processing by MembersController#create as HTML
  Parameters: {"utf8"=>"✓", "authenticity_token"=>"NKsFcZNU3eJYt83ohBjO41qC8FgTwmoNA6ionEigdaU=", "member"=>{"uin"=>"1234", "first_name"=>"A", "last_name"=>"B", "email"=>"d@email.com", "department"=>"d", "type"=>"d", "paying"=>"d"}, "commit"=>"Save Member"}
Completed 500 Internal Server Error in 1.3ms

TypeError (can't convert Symbol into String):
  app/controllers/members_controller.rb:6:in `create'


  Rendered /home/saasbook/.rvm/gems/ruby-1.9.3-p448/gems/actionpack-3.2.16/lib/action_dispatch/middleware/templates/rescues/_trace.erb (2.8ms)
  Rendered /home/saasbook/.rvm/gems/ruby-1.9.3-p448/gems/actionpack-3.2.16/lib/action_dispatch/middleware/templates/rescues/_request_and_response.erb (2.5ms)
  Rendered /home/saasbook/.rvm/gems/ruby-1.9.3-p448/gems/actionpack-3.2.16/lib/action_dispatch/middleware/templates/rescues/diagnostics.erb within rescues/layout (25.4ms)


Started POST "/members" for 127.0.0.1 at 2015-03-27 17:26:15 -0300
Processing by MembersController#create as HTML
  Parameters: {"utf8"=>"✓", "authenticity_token"=>"NKsFcZNU3eJYt83ohBjO41qC8FgTwmoNA6ionEigdaU=", "member"=>{"uin"=>"1234", "first_name"=>"A", "last_name"=>"B", "email"=>"d@email.com", "department"=>"d", "type"=>"d", "paying"=>"d"}, "commit"=>"Save Member"}
Completed 500 Internal Server Error in 0.5ms

TypeError (can't convert Symbol into String):
  app/controllers/members_controller.rb:6:in `create'


  Rendered /home/saasbook/.rvm/gems/ruby-1.9.3-p448/gems/actionpack-3.2.16/lib/action_dispatch/middleware/templates/rescues/_trace.erb (3.1ms)
  Rendered /home/saasbook/.rvm/gems/ruby-1.9.3-p448/gems/actionpack-3.2.16/lib/action_dispatch/middleware/templates/rescues/_request_and_response.erb (5.6ms)
  Rendered /home/saasbook/.rvm/gems/ruby-1.9.3-p448/gems/actionpack-3.2.16/lib/action_dispatch/middleware/templates/rescues/diagnostics.erb within rescues/layout (28.5ms)


Started GET "/members/new" for 127.0.0.1 at 2015-03-27 17:26:38 -0300
Processing by MembersController#new as HTML
  Rendered members/new.html.erb within layouts/application (18.4ms)
Completed 200 OK in 42.8ms (Views: 42.0ms | ActiveRecord: 0.0ms)


Started GET "/members/new" for 127.0.0.1 at 2015-03-27 17:27:06 -0300
Connecting to database specified by database.yml
Processing by MembersController#new as HTML
  Rendered members/new.html.erb within layouts/application (60.0ms)
Completed 200 OK in 124.1ms (Views: 123.8ms | ActiveRecord: 0.0ms)


Started GET "/assets/application.css?body=1" for 127.0.0.1 at 2015-03-27 17:27:07 -0300
Served asset /application.css - 304 Not Modified (60ms)


Started GET "/assets/welcome.css?body=1" for 127.0.0.1 at 2015-03-27 17:27:07 -0300
Served asset /welcome.css - 304 Not Modified (5ms)


Started GET "/assets/members.css?body=1" for 127.0.0.1 at 2015-03-27 17:27:07 -0300
Served asset /members.css - 304 Not Modified (14ms)


Started GET "/assets/jquery_ujs.js?body=1" for 127.0.0.1 at 2015-03-27 17:27:07 -0300
Served asset /jquery_ujs.js - 304 Not Modified (5ms)


Started GET "/assets/members.js?body=1" for 127.0.0.1 at 2015-03-27 17:27:07 -0300
Served asset /members.js - 304 Not Modified (7ms)


Started GET "/assets/jquery.js?body=1" for 127.0.0.1 at 2015-03-27 17:27:07 -0300
Served asset /jquery.js - 304 Not Modified (73ms)


Started GET "/assets/welcome.js?body=1" for 127.0.0.1 at 2015-03-27 17:27:07 -0300
Served asset /welcome.js - 304 Not Modified (9ms)


Started GET "/assets/application.js?body=1" for 127.0.0.1 at 2015-03-27 17:27:07 -0300
Served asset /application.js - 304 Not Modified (38ms)


Started POST "/members" for 127.0.0.1 at 2015-03-27 17:27:20 -0300
Processing by MembersController#create as HTML
  Parameters: {"utf8"=>"✓", "authenticity_token"=>"NKsFcZNU3eJYt83ohBjO41qC8FgTwmoNA6ionEigdaU=", "member"=>{"uin"=>"1234", "first_name"=>"A", "last_name"=>"B", "email"=>"d@email.com", "department"=>"d", "type"=>"d", "paying"=>"d"}, "commit"=>"Save Member"}
  [1m[36m (0.1ms)[0m  [1mbegin transaction[0m
  [1m[35mSQL (66.3ms)[0m  INSERT INTO "members" ("created_at", "department", "email", "first_name", "last_name", "paying", "type", "uin", "updated_at") VALUES (?, ?, ?, ?, ?, ?, ?, ?, ?)  [["created_at", Fri, 27 Mar 2015 20:27:20 UTC +00:00], ["department", "d"], ["email", "d@email.com"], ["first_name", "A"], ["last_name", "B"], ["paying", false], ["type", "d"], ["uin", 1234], ["updated_at", Fri, 27 Mar 2015 20:27:20 UTC +00:00]]
  [1m[36m (20.8ms)[0m  [1mcommit transaction[0m
Redirected to http://localhost:3000/members/1
Completed 302 Found in 280.6ms (ActiveRecord: 93.5ms)


Started GET "/members/1" for 127.0.0.1 at 2015-03-27 17:27:20 -0300
Processing by MembersController#show as HTML
  Parameters: {"id"=>"1"}
  Rendered members/show.html.erb within layouts/application (31.3ms)
Completed 500 Internal Server Error in 46.7ms

ActionView::Template::Error (undefined method `uin' for nil:NilClass):
    1: <p>
    2:   <strong>UIN:</strong>
    3:   <%= @member.uin %>
    4: </p>
    5:  
    6: <p>
  app/views/members/show.html.erb:3:in `_app_views_members_show_html_erb__345211643__622160948'


  Rendered /home/saasbook/.rvm/gems/ruby-1.9.3-p448/gems/actionpack-3.2.16/lib/action_dispatch/middleware/templates/rescues/_trace.erb (2.9ms)
  Rendered /home/saasbook/.rvm/gems/ruby-1.9.3-p448/gems/actionpack-3.2.16/lib/action_dispatch/middleware/templates/rescues/_request_and_response.erb (1.8ms)
  Rendered /home/saasbook/.rvm/gems/ruby-1.9.3-p448/gems/actionpack-3.2.16/lib/action_dispatch/middleware/templates/rescues/template_error.erb within rescues/layout (26.5ms)


Started GET "/members/1" for 127.0.0.1 at 2015-03-27 17:27:47 -0300
Processing by MembersController#show as HTML
  Parameters: {"id"=>"1"}
  [1m[35mMember Load (0.4ms)[0m  SELECT "members".* FROM "members" WHERE "members"."id" = ? LIMIT 1  [["id", "1"]]
Completed 500 Internal Server Error in 8.2ms

ActiveRecord::SubclassNotFound (The single-table inheritance mechanism failed to locate the subclass: 'd'. This error is raised because the column 'type' is reserved for storing the class in case of inheritance. Please rename this column if you didn't intend it to be used for storing the inheritance class or overwrite Member.inheritance_column to use another column for that information.):
  app/controllers/members_controller.rb:12:in `show'


  Rendered /home/saasbook/.rvm/gems/ruby-1.9.3-p448/gems/actionpack-3.2.16/lib/action_dispatch/middleware/templates/rescues/_trace.erb (2.6ms)
  Rendered /home/saasbook/.rvm/gems/ruby-1.9.3-p448/gems/actionpack-3.2.16/lib/action_dispatch/middleware/templates/rescues/_request_and_response.erb (2.0ms)
  Rendered /home/saasbook/.rvm/gems/ruby-1.9.3-p448/gems/actionpack-3.2.16/lib/action_dispatch/middleware/templates/rescues/diagnostics.erb within rescues/layout (25.6ms)


Started GET "/members/1" for 127.0.0.1 at 2015-03-27 17:29:28 -0300
Processing by MembersController#show as HTML
  Parameters: {"id"=>"1"}
  [1m[36mMember Load (0.3ms)[0m  [1mSELECT "members".* FROM "members" WHERE "members"."id" = ? LIMIT 1[0m  [["id", "1"]]
Completed 500 Internal Server Error in 7.5ms

ActiveRecord::SubclassNotFound (The single-table inheritance mechanism failed to locate the subclass: 'd'. This error is raised because the column 'type' is reserved for storing the class in case of inheritance. Please rename this column if you didn't intend it to be used for storing the inheritance class or overwrite Member.inheritance_column to use another column for that information.):
  app/controllers/members_controller.rb:12:in `show'


  Rendered /home/saasbook/.rvm/gems/ruby-1.9.3-p448/gems/actionpack-3.2.16/lib/action_dispatch/middleware/templates/rescues/_trace.erb (2.9ms)
  Rendered /home/saasbook/.rvm/gems/ruby-1.9.3-p448/gems/actionpack-3.2.16/lib/action_dispatch/middleware/templates/rescues/_request_and_response.erb (2.2ms)
  Rendered /home/saasbook/.rvm/gems/ruby-1.9.3-p448/gems/actionpack-3.2.16/lib/action_dispatch/middleware/templates/rescues/diagnostics.erb within rescues/layout (21.8ms)


Started POST "/members" for 127.0.0.1 at 2015-03-27 17:29:32 -0300
Processing by MembersController#create as HTML
  Parameters: {"utf8"=>"✓", "authenticity_token"=>"NKsFcZNU3eJYt83ohBjO41qC8FgTwmoNA6ionEigdaU=", "member"=>{"uin"=>"1234", "first_name"=>"A", "last_name"=>"B", "email"=>"d@email.com", "department"=>"d", "type"=>"d", "paying"=>"d"}, "commit"=>"Save Member"}
Unpermitted parameters: type
  [1m[35m (0.2ms)[0m  begin transaction
  [1m[36mSQL (0.6ms)[0m  [1mINSERT INTO "members" ("created_at", "department", "email", "first_name", "last_name", "paying", "type", "uin", "updated_at") VALUES (?, ?, ?, ?, ?, ?, ?, ?, ?)[0m  [["created_at", Fri, 27 Mar 2015 20:29:32 UTC +00:00], ["department", "d"], ["email", "d@email.com"], ["first_name", "A"], ["last_name", "B"], ["paying", false], ["type", nil], ["uin", 1234], ["updated_at", Fri, 27 Mar 2015 20:29:32 UTC +00:00]]
  [1m[35m (34.7ms)[0m  commit transaction
Redirected to http://localhost:3000/members/2
Completed 302 Found in 92.1ms (ActiveRecord: 35.4ms)


Started GET "/members/2" for 127.0.0.1 at 2015-03-27 17:29:32 -0300
Processing by MembersController#show as HTML
  Parameters: {"id"=>"2"}
  [1m[36mMember Load (0.2ms)[0m  [1mSELECT "members".* FROM "members" WHERE "members"."id" = ? LIMIT 1[0m  [["id", "2"]]
  Rendered members/show.html.erb within layouts/application (8.6ms)
Completed 200 OK in 31.4ms (Views: 28.6ms | ActiveRecord: 0.2ms)


Started GET "/assets/application.css?body=1" for 127.0.0.1 at 2015-03-27 17:29:32 -0300
Served asset /application.css - 304 Not Modified (4ms)


Started GET "/assets/welcome.css?body=1" for 127.0.0.1 at 2015-03-27 17:29:33 -0300
Served asset /welcome.css - 304 Not Modified (0ms)


Started GET "/assets/jquery_ujs.js?body=1" for 127.0.0.1 at 2015-03-27 17:29:33 -0300
Served asset /jquery_ujs.js - 304 Not Modified (8ms)


Started GET "/assets/members.js?body=1" for 127.0.0.1 at 2015-03-27 17:29:33 -0300
Served asset /members.js - 304 Not Modified (0ms)


Started GET "/assets/jquery.js?body=1" for 127.0.0.1 at 2015-03-27 17:29:33 -0300
Served asset /jquery.js - 304 Not Modified (9ms)


Started GET "/assets/members.css?body=1" for 127.0.0.1 at 2015-03-27 17:29:33 -0300
Served asset /members.css - 304 Not Modified (1ms)


Started GET "/assets/welcome.js?body=1" for 127.0.0.1 at 2015-03-27 17:29:33 -0300
Served asset /welcome.js - 304 Not Modified (0ms)


Started GET "/assets/application.js?body=1" for 127.0.0.1 at 2015-03-27 17:29:33 -0300
Served asset /application.js - 304 Not Modified (8ms)


Started POST "/members" for 127.0.0.1 at 2015-03-27 17:29:43 -0300
Processing by MembersController#create as HTML
  Parameters: {"utf8"=>"✓", "authenticity_token"=>"NKsFcZNU3eJYt83ohBjO41qC8FgTwmoNA6ionEigdaU=", "member"=>{"uin"=>"1234", "first_name"=>"A", "last_name"=>"B", "email"=>"d@email.com", "department"=>"d", "type"=>"d", "paying"=>"d"}, "commit"=>"Save Member"}
Unpermitted parameters: type
  [1m[35m (0.1ms)[0m  begin transaction
  [1m[36mSQL (0.6ms)[0m  [1mINSERT INTO "members" ("created_at", "department", "email", "first_name", "last_name", "paying", "type", "uin", "updated_at") VALUES (?, ?, ?, ?, ?, ?, ?, ?, ?)[0m  [["created_at", Fri, 27 Mar 2015 20:29:43 UTC +00:00], ["department", "d"], ["email", "d@email.com"], ["first_name", "A"], ["last_name", "B"], ["paying", false], ["type", nil], ["uin", 1234], ["updated_at", Fri, 27 Mar 2015 20:29:43 UTC +00:00]]
  [1m[35m (19.2ms)[0m  commit transaction
Redirected to http://localhost:3000/members/3
Completed 302 Found in 37.8ms (ActiveRecord: 19.9ms)


Started GET "/members/3" for 127.0.0.1 at 2015-03-27 17:29:43 -0300
Processing by MembersController#show as HTML
  Parameters: {"id"=>"3"}
  [1m[36mMember Load (0.2ms)[0m  [1mSELECT "members".* FROM "members" WHERE "members"."id" = ? LIMIT 1[0m  [["id", "3"]]
  Rendered members/show.html.erb within layouts/application (0.2ms)
Completed 200 OK in 26.2ms (Views: 24.2ms | ActiveRecord: 0.2ms)


Started GET "/assets/application.css?body=1" for 127.0.0.1 at 2015-03-27 17:29:43 -0300
Served asset /application.css - 304 Not Modified (0ms)


Started GET "/assets/jquery_ujs.js?body=1" for 127.0.0.1 at 2015-03-27 17:29:43 -0300
Served asset /jquery_ujs.js - 304 Not Modified (1ms)


Started GET "/assets/jquery.js?body=1" for 127.0.0.1 at 2015-03-27 17:29:43 -0300
Served asset /jquery.js - 304 Not Modified (10ms)


Started GET "/assets/welcome.css?body=1" for 127.0.0.1 at 2015-03-27 17:29:43 -0300
Served asset /welcome.css - 304 Not Modified (3ms)


Started GET "/assets/members.js?body=1" for 127.0.0.1 at 2015-03-27 17:29:43 -0300
Served asset /members.js - 304 Not Modified (0ms)


Started GET "/assets/members.css?body=1" for 127.0.0.1 at 2015-03-27 17:29:43 -0300
Served asset /members.css - 304 Not Modified (0ms)


Started GET "/assets/welcome.js?body=1" for 127.0.0.1 at 2015-03-27 17:29:43 -0300
Served asset /welcome.js - 304 Not Modified (2ms)


Started GET "/assets/application.js?body=1" for 127.0.0.1 at 2015-03-27 17:29:43 -0300
Served asset /application.js - 304 Not Modified (14ms)


Started POST "/members" for 127.0.0.1 at 2015-03-27 17:31:02 -0300
Processing by MembersController#create as HTML
  Parameters: {"utf8"=>"✓", "authenticity_token"=>"NKsFcZNU3eJYt83ohBjO41qC8FgTwmoNA6ionEigdaU=", "member"=>{"uin"=>"1234", "first_name"=>"A", "last_name"=>"B", "email"=>"d@email.com", "department"=>"d", "type"=>"s", "paying"=>"d"}, "commit"=>"Save Member"}
Unpermitted parameters: type
  [1m[35m (7.1ms)[0m  begin transaction
  [1m[36mSQL (0.5ms)[0m  [1mINSERT INTO "members" ("created_at", "department", "email", "first_name", "last_name", "paying", "type", "uin", "updated_at") VALUES (?, ?, ?, ?, ?, ?, ?, ?, ?)[0m  [["created_at", Fri, 27 Mar 2015 20:31:02 UTC +00:00], ["department", "d"], ["email", "d@email.com"], ["first_name", "A"], ["last_name", "B"], ["paying", false], ["type", nil], ["uin", 1234], ["updated_at", Fri, 27 Mar 2015 20:31:02 UTC +00:00]]
  [1m[35m (52.5ms)[0m  commit transaction
Redirected to http://localhost:3000/members/4
Completed 302 Found in 66.7ms (ActiveRecord: 60.2ms)


Started GET "/members/4" for 127.0.0.1 at 2015-03-27 17:31:02 -0300
Processing by MembersController#show as HTML
  Parameters: {"id"=>"4"}
  [1m[36mMember Load (0.3ms)[0m  [1mSELECT "members".* FROM "members" WHERE "members"."id" = ? LIMIT 1[0m  [["id", "4"]]
  Rendered members/show.html.erb within layouts/application (0.2ms)
Completed 200 OK in 24.9ms (Views: 22.1ms | ActiveRecord: 0.3ms)


Started GET "/assets/application.css?body=1" for 127.0.0.1 at 2015-03-27 17:31:02 -0300
Served asset /application.css - 304 Not Modified (0ms)


Started GET "/assets/members.css?body=1" for 127.0.0.1 at 2015-03-27 17:31:02 -0300
Served asset /members.css - 304 Not Modified (4ms)


Started GET "/assets/members.js?body=1" for 127.0.0.1 at 2015-03-27 17:31:02 -0300
Served asset /members.js - 304 Not Modified (0ms)


Started GET "/assets/jquery_ujs.js?body=1" for 127.0.0.1 at 2015-03-27 17:31:02 -0300
Served asset /jquery_ujs.js - 304 Not Modified (0ms)


Started GET "/assets/jquery.js?body=1" for 127.0.0.1 at 2015-03-27 17:31:02 -0300
Served asset /jquery.js - 304 Not Modified (19ms)


Started GET "/assets/welcome.css?body=1" for 127.0.0.1 at 2015-03-27 17:31:02 -0300
Served asset /welcome.css - 304 Not Modified (0ms)


Started GET "/assets/application.js?body=1" for 127.0.0.1 at 2015-03-27 17:31:02 -0300
Served asset /application.js - 304 Not Modified (15ms)


Started GET "/assets/welcome.js?body=1" for 127.0.0.1 at 2015-03-27 17:31:02 -0300
Served asset /welcome.js - 304 Not Modified (0ms)


Started GET "/members/new" for 127.0.0.1 at 2015-03-27 17:31:48 -0300
Processing by MembersController#new as HTML
  Rendered members/new.html.erb within layouts/application (72.9ms)
Completed 200 OK in 92.8ms (Views: 91.8ms | ActiveRecord: 0.0ms)


Started GET "/assets/application.css?body=1" for 127.0.0.1 at 2015-03-27 17:31:48 -0300
Served asset /application.css - 304 Not Modified (0ms)


Started GET "/assets/members.css?body=1" for 127.0.0.1 at 2015-03-27 17:31:48 -0300
Served asset /members.css - 304 Not Modified (26ms)


Started GET "/assets/welcome.js?body=1" for 127.0.0.1 at 2015-03-27 17:31:48 -0300
Served asset /welcome.js - 304 Not Modified (2ms)


Started GET "/assets/members.js?body=1" for 127.0.0.1 at 2015-03-27 17:31:48 -0300
Served asset /members.js - 304 Not Modified (0ms)


Started GET "/assets/jquery_ujs.js?body=1" for 127.0.0.1 at 2015-03-27 17:31:48 -0300
Served asset /jquery_ujs.js - 304 Not Modified (0ms)


Started GET "/assets/jquery.js?body=1" for 127.0.0.1 at 2015-03-27 17:31:48 -0300
Served asset /jquery.js - 304 Not Modified (4ms)


Started GET "/assets/welcome.css?body=1" for 127.0.0.1 at 2015-03-27 17:31:49 -0300
Served asset /welcome.css - 304 Not Modified (0ms)


Started GET "/assets/application.js?body=1" for 127.0.0.1 at 2015-03-27 17:31:49 -0300
Served asset /application.js - 304 Not Modified (11ms)


Started POST "/members" for 127.0.0.1 at 2015-03-27 17:31:52 -0300
Processing by MembersController#create as HTML
  Parameters: {"utf8"=>"✓", "authenticity_token"=>"NKsFcZNU3eJYt83ohBjO41qC8FgTwmoNA6ionEigdaU=", "member"=>{"uin"=>"1234", "first_name"=>"A", "last_name"=>"B", "email"=>"d@email.com", "department"=>"d", "rank"=>"d", "paying"=>"d"}, "commit"=>"Save Member"}
Completed 500 Internal Server Error in 9.6ms

ActiveModel::MassAssignmentSecurity::Error (Can't mass-assign protected attributes: rank):
  app/controllers/members_controller.rb:6:in `new'
  app/controllers/members_controller.rb:6:in `create'


  Rendered /home/saasbook/.rvm/gems/ruby-1.9.3-p448/gems/actionpack-3.2.16/lib/action_dispatch/middleware/templates/rescues/_trace.erb (2.3ms)
  Rendered /home/saasbook/.rvm/gems/ruby-1.9.3-p448/gems/actionpack-3.2.16/lib/action_dispatch/middleware/templates/rescues/_request_and_response.erb (2.8ms)
  Rendered /home/saasbook/.rvm/gems/ruby-1.9.3-p448/gems/actionpack-3.2.16/lib/action_dispatch/middleware/templates/rescues/diagnostics.erb within rescues/layout (25.4ms)


Started GET "/members/new" for 127.0.0.1 at 2015-03-27 17:33:02 -0300
Processing by MembersController#new as HTML
  Rendered members/new.html.erb within layouts/application (7.4ms)
Completed 200 OK in 20.7ms (Views: 20.1ms | ActiveRecord: 0.0ms)


Started GET "/assets/application.css?body=1" for 127.0.0.1 at 2015-03-27 17:33:02 -0300
Served asset /application.css - 304 Not Modified (0ms)


Started GET "/assets/members.js?body=1" for 127.0.0.1 at 2015-03-27 17:33:02 -0300
Served asset /members.js - 304 Not Modified (0ms)


Started GET "/assets/jquery_ujs.js?body=1" for 127.0.0.1 at 2015-03-27 17:33:02 -0300
Served asset /jquery_ujs.js - 304 Not Modified (0ms)


Started GET "/assets/jquery.js?body=1" for 127.0.0.1 at 2015-03-27 17:33:02 -0300
Served asset /jquery.js - 304 Not Modified (1ms)


Started GET "/assets/welcome.css?body=1" for 127.0.0.1 at 2015-03-27 17:33:02 -0300
Served asset /welcome.css - 304 Not Modified (4ms)


Started GET "/assets/members.css?body=1" for 127.0.0.1 at 2015-03-27 17:33:02 -0300
Served asset /members.css - 304 Not Modified (0ms)


Started GET "/assets/welcome.js?body=1" for 127.0.0.1 at 2015-03-27 17:33:02 -0300
Served asset /welcome.js - 304 Not Modified (0ms)


Started GET "/assets/application.js?body=1" for 127.0.0.1 at 2015-03-27 17:33:02 -0300
Served asset /application.js - 304 Not Modified (15ms)


Started POST "/members" for 127.0.0.1 at 2015-03-27 17:33:05 -0300
Processing by MembersController#create as HTML
  Parameters: {"utf8"=>"✓", "authenticity_token"=>"NKsFcZNU3eJYt83ohBjO41qC8FgTwmoNA6ionEigdaU=", "member"=>{"uin"=>"1234", "first_name"=>"A", "last_name"=>"B", "email"=>"d@email.com", "department"=>"d", "designation"=>"d", "paying"=>"d"}, "commit"=>"Save Member"}
Completed 500 Internal Server Error in 12.8ms

ActiveModel::MassAssignmentSecurity::Error (Can't mass-assign protected attributes: designation):
  app/controllers/members_controller.rb:6:in `new'
  app/controllers/members_controller.rb:6:in `create'


  Rendered /home/saasbook/.rvm/gems/ruby-1.9.3-p448/gems/actionpack-3.2.16/lib/action_dispatch/middleware/templates/rescues/_trace.erb (6.5ms)
  Rendered /home/saasbook/.rvm/gems/ruby-1.9.3-p448/gems/actionpack-3.2.16/lib/action_dispatch/middleware/templates/rescues/_request_and_response.erb (2.7ms)
  Rendered /home/saasbook/.rvm/gems/ruby-1.9.3-p448/gems/actionpack-3.2.16/lib/action_dispatch/middleware/templates/rescues/diagnostics.erb within rescues/layout (26.0ms)


Started POST "/members" for 127.0.0.1 at 2015-03-27 17:34:11 -0300
Processing by MembersController#create as HTML
  Parameters: {"utf8"=>"✓", "authenticity_token"=>"NKsFcZNU3eJYt83ohBjO41qC8FgTwmoNA6ionEigdaU=", "member"=>{"uin"=>"1234", "first_name"=>"A", "last_name"=>"B", "email"=>"d@email.com", "department"=>"d", "designation"=>"d", "paying"=>"d"}, "commit"=>"Save Member"}
Completed 500 Internal Server Error in 117.6ms

ActiveRecord::UnknownAttributeError (unknown attribute: designation):
  app/controllers/members_controller.rb:6:in `new'
  app/controllers/members_controller.rb:6:in `create'


  Rendered /home/saasbook/.rvm/gems/ruby-1.9.3-p448/gems/actionpack-3.2.16/lib/action_dispatch/middleware/templates/rescues/_trace.erb (3.7ms)
  Rendered /home/saasbook/.rvm/gems/ruby-1.9.3-p448/gems/actionpack-3.2.16/lib/action_dispatch/middleware/templates/rescues/_request_and_response.erb (3.8ms)
  Rendered /home/saasbook/.rvm/gems/ruby-1.9.3-p448/gems/actionpack-3.2.16/lib/action_dispatch/middleware/templates/rescues/diagnostics.erb within rescues/layout (27.4ms)


Started POST "/members" for 127.0.0.1 at 2015-03-27 17:34:15 -0300
Processing by MembersController#create as HTML
  Parameters: {"utf8"=>"✓", "authenticity_token"=>"NKsFcZNU3eJYt83ohBjO41qC8FgTwmoNA6ionEigdaU=", "member"=>{"uin"=>"1234", "first_name"=>"A", "last_name"=>"B", "email"=>"d@email.com", "department"=>"d", "designation"=>"d", "paying"=>"d"}, "commit"=>"Save Member"}
Completed 500 Internal Server Error in 2.6ms

ActiveRecord::UnknownAttributeError (unknown attribute: designation):
  app/controllers/members_controller.rb:6:in `new'
  app/controllers/members_controller.rb:6:in `create'


  Rendered /home/saasbook/.rvm/gems/ruby-1.9.3-p448/gems/actionpack-3.2.16/lib/action_dispatch/middleware/templates/rescues/_trace.erb (16.8ms)
  Rendered /home/saasbook/.rvm/gems/ruby-1.9.3-p448/gems/actionpack-3.2.16/lib/action_dispatch/middleware/templates/rescues/_request_and_response.erb (15.8ms)
  Rendered /home/saasbook/.rvm/gems/ruby-1.9.3-p448/gems/actionpack-3.2.16/lib/action_dispatch/middleware/templates/rescues/diagnostics.erb within rescues/layout (81.2ms)
Connecting to database specified by database.yml


Started GET "/welcome/index" for 127.0.0.1 at 2015-03-27 17:39:53 -0300
Connecting to database specified by database.yml
Processing by WelcomeController#index as HTML
  Rendered welcome/index.html.erb within layouts/application (42.7ms)
Warning. Error encountered while saving cache /home/saasbook/Desktop/hlgsatracker/HLGSA/tmp/cache/sass/bd82f498ac856d7c522800886fab6622ea20d47d/events.css.scssc: can't dump anonymous class #<Class:0x9682834>
Compiled events.css  (13ms)  (pid 5208)
Compiled application.css  (50ms)  (pid 5208)
Compiled events.js  (628ms)  (pid 5208)
Compiled application.js  (655ms)  (pid 5208)
Completed 200 OK in 864.2ms (Views: 862.7ms | ActiveRecord: 0.0ms)


Started GET "/assets/application.css?body=1" for 127.0.0.1 at 2015-03-27 17:39:55 -0300
Served asset /application.css - 304 Not Modified (62ms)


Started GET "/assets/jquery_ujs.js?body=1" for 127.0.0.1 at 2015-03-27 17:39:55 -0300
Served asset /jquery_ujs.js - 304 Not Modified (66ms)


Started GET "/assets/jquery.js?body=1" for 127.0.0.1 at 2015-03-27 17:39:55 -0300
Served asset /jquery.js - 304 Not Modified (17ms)


Started GET "/assets/welcome.css?body=1" for 127.0.0.1 at 2015-03-27 17:39:55 -0300
Served asset /welcome.css - 304 Not Modified (13ms)


Started GET "/assets/members.css?body=1" for 127.0.0.1 at 2015-03-27 17:39:55 -0300
Served asset /members.css - 304 Not Modified (15ms)


Started GET "/assets/events.css?body=1" for 127.0.0.1 at 2015-03-27 17:39:55 -0300
Served asset /events.css - 200 OK (6ms)


Started GET "/assets/events.js?body=1" for 127.0.0.1 at 2015-03-27 17:39:55 -0300
Served asset /events.js - 200 OK (14ms)


Started GET "/assets/members.js?body=1" for 127.0.0.1 at 2015-03-27 17:39:55 -0300
Served asset /members.js - 304 Not Modified (19ms)


Started GET "/assets/welcome.js?body=1" for 127.0.0.1 at 2015-03-27 17:39:55 -0300
Served asset /welcome.js - 304 Not Modified (12ms)


Started GET "/assets/application.js?body=1" for 127.0.0.1 at 2015-03-27 17:39:55 -0300
Served asset /application.js - 304 Not Modified (52ms)


Started GET "/members/new" for 127.0.0.1 at 2015-03-27 17:41:02 -0300
Processing by MembersController#new as HTML
  Rendered members/new.html.erb within layouts/application (20.4ms)
Completed 200 OK in 35.4ms (Views: 34.3ms | ActiveRecord: 0.0ms)


Started GET "/assets/application.css?body=1" for 127.0.0.1 at 2015-03-27 17:41:03 -0300
Served asset /application.css - 304 Not Modified (0ms)


Started GET "/assets/events.css?body=1" for 127.0.0.1 at 2015-03-27 17:41:03 -0300
Served asset /events.css - 304 Not Modified (4ms)


Started GET "/assets/jquery.js?body=1" for 127.0.0.1 at 2015-03-27 17:41:03 -0300
Served asset /jquery.js - 304 Not Modified (2ms)


Started GET "/assets/events.js?body=1" for 127.0.0.1 at 2015-03-27 17:41:03 -0300
Served asset /events.js - 304 Not Modified (0ms)


Started GET "/assets/jquery_ujs.js?body=1" for 127.0.0.1 at 2015-03-27 17:41:03 -0300
Served asset /jquery_ujs.js - 304 Not Modified (0ms)


Started GET "/assets/welcome.css?body=1" for 127.0.0.1 at 2015-03-27 17:41:03 -0300
Served asset /welcome.css - 304 Not Modified (2ms)


Started GET "/assets/members.css?body=1" for 127.0.0.1 at 2015-03-27 17:41:03 -0300
Served asset /members.css - 304 Not Modified (3ms)


Started GET "/assets/members.js?body=1" for 127.0.0.1 at 2015-03-27 17:41:03 -0300
Served asset /members.js - 304 Not Modified (10ms)


Started GET "/assets/application.js?body=1" for 127.0.0.1 at 2015-03-27 17:41:03 -0300
Served asset /application.js - 304 Not Modified (6ms)


Started GET "/assets/welcome.js?body=1" for 127.0.0.1 at 2015-03-27 17:41:03 -0300
Served asset /welcome.js - 304 Not Modified (0ms)


Started POST "/members" for 127.0.0.1 at 2015-03-27 17:41:13 -0300
Processing by MembersController#create as HTML
  Parameters: {"utf8"=>"✓", "authenticity_token"=>"D7iDDgbrAC/kPw1yzvWUey3hbjBvyppcilz4ZQbGQgQ=", "member"=>{"uin"=>"f", "first_name"=>"A", "last_name"=>"B", "email"=>"d@email.com", "department"=>"d", "designation"=>"d", "paying"=>"d"}, "commit"=>"Save Member"}
Completed 500 Internal Server Error in 285.3ms

ActiveRecord::UnknownAttributeError (unknown attribute: designation):
  app/controllers/members_controller.rb:6:in `new'
  app/controllers/members_controller.rb:6:in `create'


  Rendered /home/saasbook/.rvm/gems/ruby-1.9.3-p448/gems/actionpack-3.2.16/lib/action_dispatch/middleware/templates/rescues/_trace.erb (2.7ms)
  Rendered /home/saasbook/.rvm/gems/ruby-1.9.3-p448/gems/actionpack-3.2.16/lib/action_dispatch/middleware/templates/rescues/_request_and_response.erb (2.3ms)
  Rendered /home/saasbook/.rvm/gems/ruby-1.9.3-p448/gems/actionpack-3.2.16/lib/action_dispatch/middleware/templates/rescues/diagnostics.erb within rescues/layout (23.2ms)
